#
# A fatal error has been detected by the Java Runtime Environment:
#
#  SIGSEGV (0xb) at pc=0x00007f010479269e, pid=19496, tid=19509
#
# JRE version: OpenJDK Runtime Environment (11.0.3+7) (build 11.0.3+7-Ubuntu-1ubuntu218.10.1)
# Java VM: OpenJDK 64-Bit Server VM (11.0.3+7-Ubuntu-1ubuntu218.10.1, mixed mode, sharing, tiered, compressed oops, g1 gc, linux-amd64)
# Problematic frame:
# V  [libjvm.so+0xc0769e]
#
# Core dump will be written. Default location: Core dumps may be processed with "/usr/share/apport/apport %p %s %c %d %P" (or dumping to /home/user/Suraj/Week1/JavaFellowship/core.19496)
#
# If you would like to submit a bug report, please visit:
#   http://bugreport.java.com/bugreport/crash.jsp
#

---------------  S U M M A R Y ------------

Command Line: -agentlib:jdwp=transport=dt_socket,suspend=y,address=localhost:39355 -javaagent:/home/user/.eclipse/360744294_linux_gtk_x86_64/configuration/org.eclipse.osgi/219/0/.cp/lib/javaagent-shaded.jar -Dfile.encoding=UTF-8 com.bridgelabz.datastructures.LinkedListMain

Host: Intel(R) Celeron(R) N4000 CPU @ 1.10GHz, 2 cores, 7G, Ubuntu 18.10
Time: Tue Aug 27 17:22:21 2019 IST elapsed time: 1189 seconds (0d 0h 19m 49s)

---------------  T H R E A D  ---------------

Current thread (0x00007f00fc15d000):  VMThread "VM Thread" [stack: 0x00007f010011e000,0x00007f010021e000] [id=19509]

Stack: [0x00007f010011e000,0x00007f010021e000],  sp=0x00007f010021c0f0,  free space=1016k
Native frames: (J=compiled Java code, A=aot compiled Java code, j=interpreted, Vv=VM code, C=native code)
V  [libjvm.so+0xc0769e]
V  [libjvm.so+0x773999]
V  [libjvm.so+0x777905]
V  [libjvm.so+0x77926c]
V  [libjvm.so+0x779539]
V  [libjvm.so+0xb137c4]
V  [libjvm.so+0xb1460b]
V  [libjvm.so+0xb14a87]
V  [libjvm.so+0xab836e]
V  [libjvm.so+0x9657cc]
V  [libjvm.so+0xd21578]
V  [libjvm.so+0xd1feb7]
V  [libjvm.so+0xd2052e]
V  [libjvm.so+0xd20793]
V  [libjvm.so+0xcb7c34]
V  [libjvm.so+0xb2a96e]


siginfo: si_signo: 11 (SIGSEGV), si_code: 1 (SEGV_MAPERR), si_addr: 0x0000000000000006

Register to memory mapping:

RAX=0x0000000000000001 is an unknown value
RBX=0x00007f010021c830 points into unknown readable memory: 60 df b5 04 01 7f 00 00
RCX=0x000000000000001b is an unknown value
RDX=0x0 is NULL
RSP=0x00007f010021c0f0 points into unknown readable memory: 30 c8 21 00 01 7f 00 00
RBP=0x00007f010021c110 points into unknown readable memory: b0 c5 21 00 01 7f 00 00
RSI=0x0 is NULL
RDI=0x00007f010021c140 points into unknown readable memory: 80 a5 b5 04 01 7f 00 00
R8 =0x00000000000000b6 is an unknown value
R9 =0x00007f00e45c6f83 is pointing into metadata
R10=0x0 is NULL
R11=0x0 is NULL
R12=0x00007f010021c140 points into unknown readable memory: 80 a5 b5 04 01 7f 00 00
R13=0x0 is NULL
R14=0x00007f010021c140 points into unknown readable memory: 80 a5 b5 04 01 7f 00 00
R15=0x0 is NULL


Registers:
RAX=0x0000000000000001, RBX=0x00007f010021c830, RCX=0x000000000000001b, RDX=0x0000000000000000
RSP=0x00007f010021c0f0, RBP=0x00007f010021c110, RSI=0x0000000000000000, RDI=0x00007f010021c140
R8 =0x00000000000000b6, R9 =0x00007f00e45c6f83, R10=0x0000000000000000, R11=0x0000000000000000
R12=0x00007f010021c140, R13=0x0000000000000000, R14=0x00007f010021c140, R15=0x0000000000000000
RIP=0x00007f010479269e, EFLAGS=0x0000000000010202, CSGSFS=0x002b000000000033, ERR=0x0000000000000004
  TRAPNO=0x000000000000000e

Top of Stack: (sp=0x00007f010021c0f0)
0x00007f010021c0f0:   00007f010021c830 000000000000002b
0x00007f010021c100:   000000000000001b 00007f010021c140
0x00007f010021c110:   00007f010021c5b0 00007f01042fe999
0x00007f010021c120:   0000000000000000 00007f010021c130 

Instructions: (pc=0x00007f010479269e)
0x00007f010479267e:   66 90 55 b8 01 00 00 00 48 89 e5 41 56 41 55 41
0x00007f010479268e:   54 49 89 fc 53 4c 8b 6f 08 c7 47 10 00 00 00 00
0x00007f010479269e:   41 80 7d 06 28 74 3e 48 8d 05 fc db 47 00 b9 28
0x00007f01047926ae:   00 00 00 48 8d 15 2f 79 20 00 be 35 00 00 00 48 

Stack slot to memory mapping:
stack at sp + 0 slots: 0x00007f010021c830 points into unknown readable memory: 60 df b5 04 01 7f 00 00
stack at sp + 1 slots: 0x000000000000002b is an unknown value
stack at sp + 2 slots: 0x000000000000001b is an unknown value
stack at sp + 3 slots: 0x00007f010021c140 points into unknown readable memory: 80 a5 b5 04 01 7f 00 00
stack at sp + 4 slots: 0x00007f010021c5b0 points into unknown readable memory: 70 c6 21 00 01 7f 00 00
stack at sp + 5 slots: 0x00007f01042fe999: <offset 0x0000000000773999> in /usr/lib/jvm/java-11-openjdk-amd64/lib/server/libjvm.so at 0x00007f0103b8b000
stack at sp + 6 slots: 0x0 is NULL
stack at sp + 7 slots: 0x00007f010021c130 points into unknown readable memory: 00 00 00 00 00 00 00 00

VM_Operation (0x00007f00bef208b0): GetOrSetLocal, mode: safepoint, requested by thread 0x00007f00fc1bc000


---------------  P R O C E S S  ---------------

Threads class SMR info:
_java_thread_list=0x00007f00fc249ae0, length=12, elements={
0x00007f00fc012800, 0x00007f00fc15f800, 0x00007f00fc161800, 0x00007f00fc167000,
0x00007f00fc169000, 0x00007f00fc16b800, 0x00007f00fc16d800, 0x00007f00fc17a800,
0x00007f00fc1bc000, 0x00007f00fc1c0000, 0x00007f00a0001800, 0x00007f00fc248800
}

Java Threads: ( => current thread )
  0x00007f00fc012800 JavaThread "main" [_thread_blocked, id=19500, stack(0x00007f0103758000,0x00007f0103859000)]
  0x00007f00fc15f800 JavaThread "Reference Handler" daemon [_thread_blocked, id=19510, stack(0x00007f010001b000,0x00007f010011c000)]
  0x00007f00fc161800 JavaThread "Finalizer" daemon [_thread_blocked, id=19511, stack(0x00007f00e407d000,0x00007f00e417e000)]
  0x00007f00fc167000 JavaThread "Signal Dispatcher" daemon [_thread_blocked, id=19512, stack(0x00007f00dc18f000,0x00007f00dc290000)]
  0x00007f00fc169000 JavaThread "C2 CompilerThread0" daemon [_thread_blocked, id=19513, stack(0x00007f00dc08e000,0x00007f00dc18f000)]
  0x00007f00fc16b800 JavaThread "C1 CompilerThread0" daemon [_thread_blocked, id=19514, stack(0x00007f00bf124000,0x00007f00bf225000)]
  0x00007f00fc16d800 JavaThread "Sweeper thread" daemon [_thread_blocked, id=19515, stack(0x00007f00bf023000,0x00007f00bf124000)]
  0x00007f00fc17a800 JavaThread "Common-Cleaner" daemon [_thread_blocked, id=19516, stack(0x00007f00bef22000,0x00007f00bf023000)]
  0x00007f00fc1bc000 JavaThread "JDWP Transport Listener: dt_socket" daemon [_thread_blocked, id=19518, stack(0x00007f00bee21000,0x00007f00bef22000)] _threads_hazard_ptr=0x00007f00fc249ae0
  0x00007f00fc1c0000 JavaThread "JDWP Event Helper Thread" daemon [_thread_blocked, id=19519, stack(0x00007f00bed20000,0x00007f00bee21000)]
  0x00007f00a0001800 JavaThread "JDWP Command Reader" daemon [_thread_in_native, id=19522, stack(0x00007f00bec1f000,0x00007f00bed20000)]
  0x00007f00fc248800 JavaThread "Service Thread" daemon [_thread_blocked, id=19524, stack(0x00007f00beb1e000,0x00007f00bec1f000)]

Other Threads:
=>0x00007f00fc15d000 VMThread "VM Thread" [stack: 0x00007f010011e000,0x00007f010021e000] [id=19509]
  0x00007f00fc24f000 WatcherThread [stack: 0x00007f00bea1e000,0x00007f00beb1e000] [id=19525]
  0x00007f00fc028800 GCTaskThread "GC Thread#0" [stack: 0x00007f01033c1000,0x00007f01034c1000] [id=19504]
  0x00007f00fc057800 ConcurrentGCThread "G1 Main Marker" [stack: 0x00007f0100804000,0x00007f0100904000] [id=19505]
  0x00007f00fc059800 ConcurrentGCThread "G1 Conc#0" [stack: 0x00007f0100702000,0x00007f0100802000] [id=19506]
  0x00007f00fc0c4000 ConcurrentGCThread "G1 Refine#0" [stack: 0x00007f01003fe000,0x00007f01004fe000] [id=19507]
  0x00007f00fc0c6000 ConcurrentGCThread "G1 Young RemSet Sampling" [stack: 0x00007f01002fc000,0x00007f01003fc000] [id=19508]

Threads with active compile tasks:

VM state:at safepoint (normal execution)

VM Mutex/Monitor currently owned by a thread:  ([mutex/lock_event])
[0x00007f00fc00f7f0] Threads_lock - owner thread: 0x00007f00fc15d000

Heap address: 0x000000008a400000, size: 1884 MB, Compressed Oops mode: 32-bit
Narrow klass base: 0x0000000800000000, Narrow klass shift: 3
Compressed class space size: 1073741824 Address: 0x0000000840000000

Heap:
 garbage-first heap   total 122880K, used 4732K [0x000000008a400000, 0x0000000100000000)
  region size 1024K, 5 young (5120K), 0 survivors (0K)
 Metaspace       used 2636K, capacity 4907K, committed 5120K, reserved 1056768K
  class space    used 248K, capacity 442K, committed 512K, reserved 1048576K
Heap Regions: E=young(eden), S=young(survivor), O=old, HS=humongous(starts), HC=humongous(continues), CS=collection set, F=free, A=archive, TAMS=top-at-mark-start (previous, next)
|   0|0x000000008a400000, 0x000000008a400000, 0x000000008a500000|  0%| F|  |TAMS 0x000000008a400000, 0x000000008a400000| Untracked 
|   1|0x000000008a500000, 0x000000008a500000, 0x000000008a600000|  0%| F|  |TAMS 0x000000008a500000, 0x000000008a500000| Untracked 
|   2|0x000000008a600000, 0x000000008a600000, 0x000000008a700000|  0%| F|  |TAMS 0x000000008a600000, 0x000000008a600000| Untracked 
|   3|0x000000008a700000, 0x000000008a700000, 0x000000008a800000|  0%| F|  |TAMS 0x000000008a700000, 0x000000008a700000| Untracked 
|   4|0x000000008a800000, 0x000000008a800000, 0x000000008a900000|  0%| F|  |TAMS 0x000000008a800000, 0x000000008a800000| Untracked 
|   5|0x000000008a900000, 0x000000008a900000, 0x000000008aa00000|  0%| F|  |TAMS 0x000000008a900000, 0x000000008a900000| Untracked 
|   6|0x000000008aa00000, 0x000000008aa00000, 0x000000008ab00000|  0%| F|  |TAMS 0x000000008aa00000, 0x000000008aa00000| Untracked 
|   7|0x000000008ab00000, 0x000000008ab00000, 0x000000008ac00000|  0%| F|  |TAMS 0x000000008ab00000, 0x000000008ab00000| Untracked 
|   8|0x000000008ac00000, 0x000000008ac00000, 0x000000008ad00000|  0%| F|  |TAMS 0x000000008ac00000, 0x000000008ac00000| Untracked 
|   9|0x000000008ad00000, 0x000000008ad00000, 0x000000008ae00000|  0%| F|  |TAMS 0x000000008ad00000, 0x000000008ad00000| Untracked 
|  10|0x000000008ae00000, 0x000000008ae00000, 0x000000008af00000|  0%| F|  |TAMS 0x000000008ae00000, 0x000000008ae00000| Untracked 
|  11|0x000000008af00000, 0x000000008af00000, 0x000000008b000000|  0%| F|  |TAMS 0x000000008af00000, 0x000000008af00000| Untracked 
|  12|0x000000008b000000, 0x000000008b000000, 0x000000008b100000|  0%| F|  |TAMS 0x000000008b000000, 0x000000008b000000| Untracked 
|  13|0x000000008b100000, 0x000000008b100000, 0x000000008b200000|  0%| F|  |TAMS 0x000000008b100000, 0x000000008b100000| Untracked 
|  14|0x000000008b200000, 0x000000008b200000, 0x000000008b300000|  0%| F|  |TAMS 0x000000008b200000, 0x000000008b200000| Untracked 
|  15|0x000000008b300000, 0x000000008b300000, 0x000000008b400000|  0%| F|  |TAMS 0x000000008b300000, 0x000000008b300000| Untracked 
|  16|0x000000008b400000, 0x000000008b400000, 0x000000008b500000|  0%| F|  |TAMS 0x000000008b400000, 0x000000008b400000| Untracked 
|  17|0x000000008b500000, 0x000000008b500000, 0x000000008b600000|  0%| F|  |TAMS 0x000000008b500000, 0x000000008b500000| Untracked 
|  18|0x000000008b600000, 0x000000008b600000, 0x000000008b700000|  0%| F|  |TAMS 0x000000008b600000, 0x000000008b600000| Untracked 
|  19|0x000000008b700000, 0x000000008b700000, 0x000000008b800000|  0%| F|  |TAMS 0x000000008b700000, 0x000000008b700000| Untracked 
|  20|0x000000008b800000, 0x000000008b800000, 0x000000008b900000|  0%| F|  |TAMS 0x000000008b800000, 0x000000008b800000| Untracked 
|  21|0x000000008b900000, 0x000000008b900000, 0x000000008ba00000|  0%| F|  |TAMS 0x000000008b900000, 0x000000008b900000| Untracked 
|  22|0x000000008ba00000, 0x000000008ba00000, 0x000000008bb00000|  0%| F|  |TAMS 0x000000008ba00000, 0x000000008ba00000| Untracked 
|  23|0x000000008bb00000, 0x000000008bb00000, 0x000000008bc00000|  0%| F|  |TAMS 0x000000008bb00000, 0x000000008bb00000| Untracked 
|  24|0x000000008bc00000, 0x000000008bc00000, 0x000000008bd00000|  0%| F|  |TAMS 0x000000008bc00000, 0x000000008bc00000| Untracked 
|  25|0x000000008bd00000, 0x000000008bd00000, 0x000000008be00000|  0%| F|  |TAMS 0x000000008bd00000, 0x000000008bd00000| Untracked 
|  26|0x000000008be00000, 0x000000008be00000, 0x000000008bf00000|  0%| F|  |TAMS 0x000000008be00000, 0x000000008be00000| Untracked 
|  27|0x000000008bf00000, 0x000000008bf00000, 0x000000008c000000|  0%| F|  |TAMS 0x000000008bf00000, 0x000000008bf00000| Untracked 
|  28|0x000000008c000000, 0x000000008c000000, 0x000000008c100000|  0%| F|  |TAMS 0x000000008c000000, 0x000000008c000000| Untracked 
|  29|0x000000008c100000, 0x000000008c100000, 0x000000008c200000|  0%| F|  |TAMS 0x000000008c100000, 0x000000008c100000| Untracked 
|  30|0x000000008c200000, 0x000000008c200000, 0x000000008c300000|  0%| F|  |TAMS 0x000000008c200000, 0x000000008c200000| Untracked 
|  31|0x000000008c300000, 0x000000008c300000, 0x000000008c400000|  0%| F|  |TAMS 0x000000008c300000, 0x000000008c300000| Untracked 
|  32|0x000000008c400000, 0x000000008c400000, 0x000000008c500000|  0%| F|  |TAMS 0x000000008c400000, 0x000000008c400000| Untracked 
|  33|0x000000008c500000, 0x000000008c500000, 0x000000008c600000|  0%| F|  |TAMS 0x000000008c500000, 0x000000008c500000| Untracked 
|  34|0x000000008c600000, 0x000000008c600000, 0x000000008c700000|  0%| F|  |TAMS 0x000000008c600000, 0x000000008c600000| Untracked 
|  35|0x000000008c700000, 0x000000008c700000, 0x000000008c800000|  0%| F|  |TAMS 0x000000008c700000, 0x000000008c700000| Untracked 
|  36|0x000000008c800000, 0x000000008c800000, 0x000000008c900000|  0%| F|  |TAMS 0x000000008c800000, 0x000000008c800000| Untracked 
|  37|0x000000008c900000, 0x000000008c900000, 0x000000008ca00000|  0%| F|  |TAMS 0x000000008c900000, 0x000000008c900000| Untracked 
|  38|0x000000008ca00000, 0x000000008ca00000, 0x000000008cb00000|  0%| F|  |TAMS 0x000000008ca00000, 0x000000008ca00000| Untracked 
|  39|0x000000008cb00000, 0x000000008cb00000, 0x000000008cc00000|  0%| F|  |TAMS 0x000000008cb00000, 0x000000008cb00000| Untracked 
|  40|0x000000008cc00000, 0x000000008cc00000, 0x000000008cd00000|  0%| F|  |TAMS 0x000000008cc00000, 0x000000008cc00000| Untracked 
|  41|0x000000008cd00000, 0x000000008cd00000, 0x000000008ce00000|  0%| F|  |TAMS 0x000000008cd00000, 0x000000008cd00000| Untracked 
|  42|0x000000008ce00000, 0x000000008ce00000, 0x000000008cf00000|  0%| F|  |TAMS 0x000000008ce00000, 0x000000008ce00000| Untracked 
|  43|0x000000008cf00000, 0x000000008cf00000, 0x000000008d000000|  0%| F|  |TAMS 0x000000008cf00000, 0x000000008cf00000| Untracked 
|  44|0x000000008d000000, 0x000000008d000000, 0x000000008d100000|  0%| F|  |TAMS 0x000000008d000000, 0x000000008d000000| Untracked 
|  45|0x000000008d100000, 0x000000008d100000, 0x000000008d200000|  0%| F|  |TAMS 0x000000008d100000, 0x000000008d100000| Untracked 
|  46|0x000000008d200000, 0x000000008d200000, 0x000000008d300000|  0%| F|  |TAMS 0x000000008d200000, 0x000000008d200000| Untracked 
|  47|0x000000008d300000, 0x000000008d300000, 0x000000008d400000|  0%| F|  |TAMS 0x000000008d300000, 0x000000008d300000| Untracked 
|  48|0x000000008d400000, 0x000000008d400000, 0x000000008d500000|  0%| F|  |TAMS 0x000000008d400000, 0x000000008d400000| Untracked 
|  49|0x000000008d500000, 0x000000008d500000, 0x000000008d600000|  0%| F|  |TAMS 0x000000008d500000, 0x000000008d500000| Untracked 
|  50|0x000000008d600000, 0x000000008d600000, 0x000000008d700000|  0%| F|  |TAMS 0x000000008d600000, 0x000000008d600000| Untracked 
|  51|0x000000008d700000, 0x000000008d700000, 0x000000008d800000|  0%| F|  |TAMS 0x000000008d700000, 0x000000008d700000| Untracked 
|  52|0x000000008d800000, 0x000000008d800000, 0x000000008d900000|  0%| F|  |TAMS 0x000000008d800000, 0x000000008d800000| Untracked 
|  53|0x000000008d900000, 0x000000008d900000, 0x000000008da00000|  0%| F|  |TAMS 0x000000008d900000, 0x000000008d900000| Untracked 
|  54|0x000000008da00000, 0x000000008da00000, 0x000000008db00000|  0%| F|  |TAMS 0x000000008da00000, 0x000000008da00000| Untracked 
|  55|0x000000008db00000, 0x000000008db00000, 0x000000008dc00000|  0%| F|  |TAMS 0x000000008db00000, 0x000000008db00000| Untracked 
|  56|0x000000008dc00000, 0x000000008dc00000, 0x000000008dd00000|  0%| F|  |TAMS 0x000000008dc00000, 0x000000008dc00000| Untracked 
|  57|0x000000008dd00000, 0x000000008dd00000, 0x000000008de00000|  0%| F|  |TAMS 0x000000008dd00000, 0x000000008dd00000| Untracked 
|  58|0x000000008de00000, 0x000000008de00000, 0x000000008df00000|  0%| F|  |TAMS 0x000000008de00000, 0x000000008de00000| Untracked 
|  59|0x000000008df00000, 0x000000008df00000, 0x000000008e000000|  0%| F|  |TAMS 0x000000008df00000, 0x000000008df00000| Untracked 
|  60|0x000000008e000000, 0x000000008e000000, 0x000000008e100000|  0%| F|  |TAMS 0x000000008e000000, 0x000000008e000000| Untracked 
|  61|0x000000008e100000, 0x000000008e100000, 0x000000008e200000|  0%| F|  |TAMS 0x000000008e100000, 0x000000008e100000| Untracked 
|  62|0x000000008e200000, 0x000000008e200000, 0x000000008e300000|  0%| F|  |TAMS 0x000000008e200000, 0x000000008e200000| Untracked 
|  63|0x000000008e300000, 0x000000008e300000, 0x000000008e400000|  0%| F|  |TAMS 0x000000008e300000, 0x000000008e300000| Untracked 
|  64|0x000000008e400000, 0x000000008e400000, 0x000000008e500000|  0%| F|  |TAMS 0x000000008e400000, 0x000000008e400000| Untracked 
|  65|0x000000008e500000, 0x000000008e500000, 0x000000008e600000|  0%| F|  |TAMS 0x000000008e500000, 0x000000008e500000| Untracked 
|  66|0x000000008e600000, 0x000000008e600000, 0x000000008e700000|  0%| F|  |TAMS 0x000000008e600000, 0x000000008e600000| Untracked 
|  67|0x000000008e700000, 0x000000008e700000, 0x000000008e800000|  0%| F|  |TAMS 0x000000008e700000, 0x000000008e700000| Untracked 
|  68|0x000000008e800000, 0x000000008e800000, 0x000000008e900000|  0%| F|  |TAMS 0x000000008e800000, 0x000000008e800000| Untracked 
|  69|0x000000008e900000, 0x000000008e900000, 0x000000008ea00000|  0%| F|  |TAMS 0x000000008e900000, 0x000000008e900000| Untracked 
|  70|0x000000008ea00000, 0x000000008ea00000, 0x000000008eb00000|  0%| F|  |TAMS 0x000000008ea00000, 0x000000008ea00000| Untracked 
|  71|0x000000008eb00000, 0x000000008eb00000, 0x000000008ec00000|  0%| F|  |TAMS 0x000000008eb00000, 0x000000008eb00000| Untracked 
|  72|0x000000008ec00000, 0x000000008ec00000, 0x000000008ed00000|  0%| F|  |TAMS 0x000000008ec00000, 0x000000008ec00000| Untracked 
|  73|0x000000008ed00000, 0x000000008ed00000, 0x000000008ee00000|  0%| F|  |TAMS 0x000000008ed00000, 0x000000008ed00000| Untracked 
|  74|0x000000008ee00000, 0x000000008ee00000, 0x000000008ef00000|  0%| F|  |TAMS 0x000000008ee00000, 0x000000008ee00000| Untracked 
|  75|0x000000008ef00000, 0x000000008ef00000, 0x000000008f000000|  0%| F|  |TAMS 0x000000008ef00000, 0x000000008ef00000| Untracked 
|  76|0x000000008f000000, 0x000000008f000000, 0x000000008f100000|  0%| F|  |TAMS 0x000000008f000000, 0x000000008f000000| Untracked 
|  77|0x000000008f100000, 0x000000008f100000, 0x000000008f200000|  0%| F|  |TAMS 0x000000008f100000, 0x000000008f100000| Untracked 
|  78|0x000000008f200000, 0x000000008f200000, 0x000000008f300000|  0%| F|  |TAMS 0x000000008f200000, 0x000000008f200000| Untracked 
|  79|0x000000008f300000, 0x000000008f300000, 0x000000008f400000|  0%| F|  |TAMS 0x000000008f300000, 0x000000008f300000| Untracked 
|  80|0x000000008f400000, 0x000000008f400000, 0x000000008f500000|  0%| F|  |TAMS 0x000000008f400000, 0x000000008f400000| Untracked 
|  81|0x000000008f500000, 0x000000008f500000, 0x000000008f600000|  0%| F|  |TAMS 0x000000008f500000, 0x000000008f500000| Untracked 
|  82|0x000000008f600000, 0x000000008f600000, 0x000000008f700000|  0%| F|  |TAMS 0x000000008f600000, 0x000000008f600000| Untracked 
|  83|0x000000008f700000, 0x000000008f700000, 0x000000008f800000|  0%| F|  |TAMS 0x000000008f700000, 0x000000008f700000| Untracked 
|  84|0x000000008f800000, 0x000000008f800000, 0x000000008f900000|  0%| F|  |TAMS 0x000000008f800000, 0x000000008f800000| Untracked 
|  85|0x000000008f900000, 0x000000008f900000, 0x000000008fa00000|  0%| F|  |TAMS 0x000000008f900000, 0x000000008f900000| Untracked 
|  86|0x000000008fa00000, 0x000000008fa00000, 0x000000008fb00000|  0%| F|  |TAMS 0x000000008fa00000, 0x000000008fa00000| Untracked 
|  87|0x000000008fb00000, 0x000000008fb00000, 0x000000008fc00000|  0%| F|  |TAMS 0x000000008fb00000, 0x000000008fb00000| Untracked 
|  88|0x000000008fc00000, 0x000000008fc00000, 0x000000008fd00000|  0%| F|  |TAMS 0x000000008fc00000, 0x000000008fc00000| Untracked 
|  89|0x000000008fd00000, 0x000000008fd00000, 0x000000008fe00000|  0%| F|  |TAMS 0x000000008fd00000, 0x000000008fd00000| Untracked 
|  90|0x000000008fe00000, 0x000000008fe00000, 0x000000008ff00000|  0%| F|  |TAMS 0x000000008fe00000, 0x000000008fe00000| Untracked 
|  91|0x000000008ff00000, 0x000000008ff00000, 0x0000000090000000|  0%| F|  |TAMS 0x000000008ff00000, 0x000000008ff00000| Untracked 
|  92|0x0000000090000000, 0x0000000090000000, 0x0000000090100000|  0%| F|  |TAMS 0x0000000090000000, 0x0000000090000000| Untracked 
|  93|0x0000000090100000, 0x0000000090100000, 0x0000000090200000|  0%| F|  |TAMS 0x0000000090100000, 0x0000000090100000| Untracked 
|  94|0x0000000090200000, 0x0000000090200000, 0x0000000090300000|  0%| F|  |TAMS 0x0000000090200000, 0x0000000090200000| Untracked 
|  95|0x0000000090300000, 0x0000000090300000, 0x0000000090400000|  0%| F|  |TAMS 0x0000000090300000, 0x0000000090300000| Untracked 
|  96|0x0000000090400000, 0x0000000090400000, 0x0000000090500000|  0%| F|  |TAMS 0x0000000090400000, 0x0000000090400000| Untracked 
|  97|0x0000000090500000, 0x0000000090500000, 0x0000000090600000|  0%| F|  |TAMS 0x0000000090500000, 0x0000000090500000| Untracked 
|  98|0x0000000090600000, 0x0000000090600000, 0x0000000090700000|  0%| F|  |TAMS 0x0000000090600000, 0x0000000090600000| Untracked 
|  99|0x0000000090700000, 0x0000000090700000, 0x0000000090800000|  0%| F|  |TAMS 0x0000000090700000, 0x0000000090700000| Untracked 
| 100|0x0000000090800000, 0x0000000090800000, 0x0000000090900000|  0%| F|  |TAMS 0x0000000090800000, 0x0000000090800000| Untracked 
| 101|0x0000000090900000, 0x0000000090900000, 0x0000000090a00000|  0%| F|  |TAMS 0x0000000090900000, 0x0000000090900000| Untracked 
| 102|0x0000000090a00000, 0x0000000090a00000, 0x0000000090b00000|  0%| F|  |TAMS 0x0000000090a00000, 0x0000000090a00000| Untracked 
| 103|0x0000000090b00000, 0x0000000090b00000, 0x0000000090c00000|  0%| F|  |TAMS 0x0000000090b00000, 0x0000000090b00000| Untracked 
| 104|0x0000000090c00000, 0x0000000090c00000, 0x0000000090d00000|  0%| F|  |TAMS 0x0000000090c00000, 0x0000000090c00000| Untracked 
| 105|0x0000000090d00000, 0x0000000090d00000, 0x0000000090e00000|  0%| F|  |TAMS 0x0000000090d00000, 0x0000000090d00000| Untracked 
| 106|0x0000000090e00000, 0x0000000090e00000, 0x0000000090f00000|  0%| F|  |TAMS 0x0000000090e00000, 0x0000000090e00000| Untracked 
| 107|0x0000000090f00000, 0x0000000090f00000, 0x0000000091000000|  0%| F|  |TAMS 0x0000000090f00000, 0x0000000090f00000| Untracked 
| 108|0x0000000091000000, 0x0000000091000000, 0x0000000091100000|  0%| F|  |TAMS 0x0000000091000000, 0x0000000091000000| Untracked 
| 109|0x0000000091100000, 0x0000000091100000, 0x0000000091200000|  0%| F|  |TAMS 0x0000000091100000, 0x0000000091100000| Untracked 
| 110|0x0000000091200000, 0x0000000091200000, 0x0000000091300000|  0%| F|  |TAMS 0x0000000091200000, 0x0000000091200000| Untracked 
| 111|0x0000000091300000, 0x0000000091300000, 0x0000000091400000|  0%| F|  |TAMS 0x0000000091300000, 0x0000000091300000| Untracked 
| 112|0x0000000091400000, 0x0000000091400000, 0x0000000091500000|  0%| F|  |TAMS 0x0000000091400000, 0x0000000091400000| Untracked 
| 113|0x0000000091500000, 0x0000000091548740, 0x0000000091600000| 28%| E|  |TAMS 0x0000000091500000, 0x0000000091500000| Complete 
| 114|0x0000000091600000, 0x0000000091700000, 0x0000000091700000|100%| E|CS|TAMS 0x0000000091600000, 0x0000000091600000| Complete 
| 115|0x0000000091700000, 0x0000000091800000, 0x0000000091800000|100%| E|CS|TAMS 0x0000000091700000, 0x0000000091700000| Complete 
| 116|0x0000000091800000, 0x0000000091900000, 0x0000000091900000|100%| E|CS|TAMS 0x0000000091800000, 0x0000000091800000| Complete 
| 117|0x0000000091900000, 0x0000000091a00000, 0x0000000091a00000|100%| E|CS|TAMS 0x0000000091900000, 0x0000000091900000| Complete 
|1882|0x00000000ffe00000, 0x00000000ffe35000, 0x00000000fff00000| 20%|OA|  |TAMS 0x00000000ffe00000, 0x00000000ffe00000| Untracked 
|1883|0x00000000fff00000, 0x00000000fff6a000, 0x0000000100000000| 41%|CA|  |TAMS 0x00000000fff00000, 0x00000000fff00000| Untracked 

Card table byte_map: [0x00007f0102a61000,0x00007f0102e0f000] _byte_map_base: 0x00007f010260f000

Marking Bits (Prev, Next): (CMBitMap*) 0x00007f00fc04f358, (CMBitMap*) 0x00007f00fc04f390
 Prev Bits: [0x00007f0100943000, 0x00007f01026b3000)
 Next Bits: [0x00007f00de290000, 0x00007f00e0000000)

Polling page: 0x00007f01050cd000

Metaspace:

Usage:
  Non-class:      4.36 MB capacity,     2.33 MB ( 53%) used,     2.03 MB ( 46%) free+waste,     2.69 KB ( <1%) overhead. 
      Class:    442.00 KB capacity,   248.06 KB ( 56%) used,   192.44 KB ( 44%) free+waste,     1.50 KB ( <1%) overhead. 
       Both:      4.79 MB capacity,     2.57 MB ( 54%) used,     2.21 MB ( 46%) free+waste,     4.19 KB ( <1%) overhead. 

Virtual space:
  Non-class space:        8.00 MB reserved,       4.50 MB ( 56%) committed 
      Class space:        1.00 GB reserved,     512.00 KB ( <1%) committed 
             Both:        1.01 GB reserved,       5.00 MB ( <1%) committed 

Chunk freelists:
   Non-Class:  23.00 KB
       Class:  6.00 KB
        Both:  29.00 KB

CodeHeap 'non-profiled nmethods': size=120036Kb used=115Kb max_used=115Kb free=119920Kb
 bounds [0x00007f00ec445000, 0x00007f00ec6b5000, 0x00007f00f397e000]
CodeHeap 'profiled nmethods': size=120032Kb used=558Kb max_used=558Kb free=119473Kb
 bounds [0x00007f00e4f0d000, 0x00007f00e517d000, 0x00007f00ec445000]
CodeHeap 'non-nmethods': size=5692Kb used=1119Kb max_used=1132Kb free=4573Kb
 bounds [0x00007f00e497e000, 0x00007f00e4bee000, 0x00007f00e4f0d000]
 total_blobs=846 nmethods=391 adapters=273
 compilation: enabled
              stopped_count=0, restarted_count=0
 full_count=0

Compilation events (10 events):
Event: 1030.890 Thread 0x00007f00fc16b800  387       3       org.eclipse.jdt.launching.internal.org.objectweb.asm.SymbolTable::addConstantFieldref (10 bytes)
Event: 1030.890 Thread 0x00007f00fc16b800 nmethod 387 0x00007f00e4f96490 code [0x00007f00e4f96640, 0x00007f00e4f96828]
Event: 1037.190 Thread 0x00007f00fc16b800  388       3       org.eclipse.jdt.launching.internal.org.objectweb.asm.SymbolTable::addConstantUtf8Reference (101 bytes)
Event: 1037.191 Thread 0x00007f00fc16b800 nmethod 388 0x00007f00e4f96910 code [0x00007f00e4f96b60, 0x00007f00e4f97278]
Event: 1037.194 Thread 0x00007f00fc16b800  391       3       org.eclipse.jdt.launching.internal.org.objectweb.asm.ByteVector::<init> (13 bytes)
Event: 1037.194 Thread 0x00007f00fc16b800 nmethod 391 0x00007f00e4f97610 code [0x00007f00e4f977c0, 0x00007f00e4f97a90]
Event: 1037.194 Thread 0x00007f00fc16b800  390       3       org.eclipse.jdt.launching.internal.org.objectweb.asm.ClassReader::createLabel (21 bytes)
Event: 1037.195 Thread 0x00007f00fc16b800 nmethod 390 0x00007f00e4f97b90 code [0x00007f00e4f97d80, 0x00007f00e4f982f0]
Event: 1037.195 Thread 0x00007f00fc16b800  389       3       org.eclipse.jdt.launching.internal.org.objectweb.asm.ByteVector::put122 (93 bytes)
Event: 1037.195 Thread 0x00007f00fc16b800 nmethod 389 0x00007f00e4f98510 code [0x00007f00e4f986e0, 0x00007f00e4f989e8]

GC Heap History (0 events):
No events

Deoptimization events (4 events):
Event: 1.075 Thread 0x00007f00fc012800 Uncommon trap: reason=class_check action=maybe_recompile pc=0x00007f00ec452da8 method=java.util.HashMap.putVal(ILjava/lang/Object;Ljava/lang/Object;ZZ)Ljava/lang/Object; @ 152 c2
Event: 1.107 Thread 0x00007f00fc012800 Uncommon trap: reason=class_check action=maybe_recompile pc=0x00007f00ec452da8 method=java.util.HashMap.putVal(ILjava/lang/Object;Ljava/lang/Object;ZZ)Ljava/lang/Object; @ 152 c2
Event: 1.107 Thread 0x00007f00fc012800 Uncommon trap: reason=class_check action=maybe_recompile pc=0x00007f00ec452da8 method=java.util.HashMap.putVal(ILjava/lang/Object;Ljava/lang/Object;ZZ)Ljava/lang/Object; @ 152 c2
Event: 1.108 Thread 0x00007f00fc012800 Uncommon trap: reason=class_check action=maybe_recompile pc=0x00007f00ec452da8 method=java.util.HashMap.putVal(ILjava/lang/Object;Ljava/lang/Object;ZZ)Ljava/lang/Object; @ 152 c2

Classes redefined (9 events):
Event: 616.707 Thread 0x00007f00fc15d000 redefined class name=com.bridgelabz.datastructures.LinkedListX, count=1
Event: 634.386 Thread 0x00007f00fc15d000 redefined class name=com.bridgelabz.datastructures.LinkedListX, count=2
Event: 638.944 Thread 0x00007f00fc15d000 redefined class name=com.bridgelabz.datastructures.LinkedListX, count=3
Event: 737.630 Thread 0x00007f00fc15d000 redefined class name=com.bridgelabz.datastructures.LinkedListMain, count=1
Event: 745.164 Thread 0x00007f00fc15d000 redefined class name=com.bridgelabz.datastructures.LinkedListMain, count=2
Event: 767.394 Thread 0x00007f00fc15d000 redefined class name=com.bridgelabz.datastructures.LinkedListX, count=4
Event: 1082.854 Thread 0x00007f00fc15d000 redefined class name=com.bridgelabz.datastructures.LinkedListMain, count=3
Event: 1164.742 Thread 0x00007f00fc15d000 redefined class name=com.bridgelabz.datastructures.LinkedListMain, count=4
Event: 1166.913 Thread 0x00007f00fc15d000 redefined class name=com.bridgelabz.datastructures.LinkedListMain, count=5

Internal exceptions (0 events):
No events

Events (10 events):
Event: 1184.173 Executing VM operation: GetOwnedMonitorInfo done
Event: 1184.173 Executing VM operation: GetCurrentContendedMonitor
Event: 1184.173 Executing VM operation: GetCurrentContendedMonitor done
Event: 1184.370 Executing VM operation: GetFrameCount
Event: 1184.371 Executing VM operation: GetFrameCount done
Event: 1184.371 Executing VM operation: GetOwnedMonitorInfo
Event: 1184.371 Executing VM operation: GetOwnedMonitorInfo done
Event: 1184.371 Executing VM operation: GetCurrentContendedMonitor
Event: 1184.371 Executing VM operation: GetCurrentContendedMonitor done
Event: 1189.109 Executing VM operation: GetOrSetLocal


Dynamic libraries:
8a400000-91a00000 rw-p 00000000 00:00 0 
91a00000-ffe00000 ---p 00000000 00:00 0 
ffe00000-ffe35000 rw-p 0111e000 b3:02 788666                             /usr/lib/jvm/java-11-openjdk-amd64/lib/server/classes.jsa
ffe35000-fff00000 rw-p 00000000 00:00 0 
fff00000-fff6a000 rw-p 010b4000 b3:02 788666                             /usr/lib/jvm/java-11-openjdk-amd64/lib/server/classes.jsa
fff6a000-100000000 rw-p 00000000 00:00 0 
800000000-800002000 rwxp 00001000 b3:02 788666                           /usr/lib/jvm/java-11-openjdk-amd64/lib/server/classes.jsa
800002000-8010b3000 rw-p 00003000 b3:02 788666                           /usr/lib/jvm/java-11-openjdk-amd64/lib/server/classes.jsa
840000000-840080000 rw-p 00000000 00:00 0 
840080000-880000000 ---p 00000000 00:00 0 
55cafd439000-55cafd43a000 r--p 00000000 b3:02 666615                     /usr/lib/jvm/java-11-openjdk-amd64/bin/java
55cafd43a000-55cafd43b000 r-xp 00001000 b3:02 666615                     /usr/lib/jvm/java-11-openjdk-amd64/bin/java
55cafd43b000-55cafd43c000 r--p 00002000 b3:02 666615                     /usr/lib/jvm/java-11-openjdk-amd64/bin/java
55cafd43c000-55cafd43d000 r--p 00002000 b3:02 666615                     /usr/lib/jvm/java-11-openjdk-amd64/bin/java
55cafd43d000-55cafd43e000 rw-p 00003000 b3:02 666615                     /usr/lib/jvm/java-11-openjdk-amd64/bin/java
55cafe43f000-55cafe482000 rw-p 00000000 00:00 0                          [heap]
7f00a0000000-7f00a0021000 rw-p 00000000 00:00 0 
7f00a0021000-7f00a4000000 ---p 00000000 00:00 0 
7f00a8000000-7f00a8021000 rw-p 00000000 00:00 0 
7f00a8021000-7f00ac000000 ---p 00000000 00:00 0 
7f00ac000000-7f00ac021000 rw-p 00000000 00:00 0 
7f00ac021000-7f00b0000000 ---p 00000000 00:00 0 
7f00b0000000-7f00b01d5000 rw-p 00000000 00:00 0 
7f00b01d5000-7f00b4000000 ---p 00000000 00:00 0 
7f00b4000000-7f00b4131000 rw-p 00000000 00:00 0 
7f00b4131000-7f00b8000000 ---p 00000000 00:00 0 
7f00b8000000-7f00b8021000 rw-p 00000000 00:00 0 
7f00b8021000-7f00bc000000 ---p 00000000 00:00 0 
7f00bea1c000-7f00bea1d000 ---p 00000000 00:00 0 
7f00bea1d000-7f00beb1e000 rw-p 00000000 00:00 0 
7f00beb1e000-7f00beb22000 ---p 00000000 00:00 0 
7f00beb22000-7f00bec1f000 rw-p 00000000 00:00 0 
7f00bec1f000-7f00bec23000 ---p 00000000 00:00 0 
7f00bec23000-7f00bed20000 rw-p 00000000 00:00 0 
7f00bed20000-7f00bed24000 ---p 00000000 00:00 0 
7f00bed24000-7f00bee21000 rw-p 00000000 00:00 0 
7f00bee21000-7f00bee25000 ---p 00000000 00:00 0 
7f00bee25000-7f00bef22000 rw-p 00000000 00:00 0 
7f00bef22000-7f00bef26000 ---p 00000000 00:00 0 
7f00bef26000-7f00bf023000 rw-p 00000000 00:00 0 
7f00bf023000-7f00bf027000 ---p 00000000 00:00 0 
7f00bf027000-7f00bf124000 rw-p 00000000 00:00 0 
7f00bf124000-7f00bf128000 ---p 00000000 00:00 0 
7f00bf128000-7f00bf225000 rw-p 00000000 00:00 0 
7f00bf225000-7f00c0000000 r--p 00000000 b3:02 267441                     /usr/lib/locale/locale-archive
7f00c0000000-7f00c0021000 rw-p 00000000 00:00 0 
7f00c0021000-7f00c4000000 ---p 00000000 00:00 0 
7f00c4000000-7f00c4021000 rw-p 00000000 00:00 0 
7f00c4021000-7f00c8000000 ---p 00000000 00:00 0 
7f00c8000000-7f00c8021000 rw-p 00000000 00:00 0 
7f00c8021000-7f00cc000000 ---p 00000000 00:00 0 
7f00cc000000-7f00cc021000 rw-p 00000000 00:00 0 
7f00cc021000-7f00d0000000 ---p 00000000 00:00 0 
7f00d0000000-7f00d0021000 rw-p 00000000 00:00 0 
7f00d0021000-7f00d4000000 ---p 00000000 00:00 0 
7f00d4000000-7f00d4021000 rw-p 00000000 00:00 0 
7f00d4021000-7f00d8000000 ---p 00000000 00:00 0 
7f00d8000000-7f00d8021000 rw-p 00000000 00:00 0 
7f00d8021000-7f00dc000000 ---p 00000000 00:00 0 
7f00dc08e000-7f00dc092000 ---p 00000000 00:00 0 
7f00dc092000-7f00dc18f000 rw-p 00000000 00:00 0 
7f00dc18f000-7f00dc193000 ---p 00000000 00:00 0 
7f00dc193000-7f00de468000 rw-p 00000000 00:00 0 
7f00de468000-7f00dfff8000 ---p 00000000 00:00 0 
7f00dfff8000-7f00e0000000 rw-p 00000000 00:00 0 
7f00e0000000-7f00e0021000 rw-p 00000000 00:00 0 
7f00e0021000-7f00e4000000 ---p 00000000 00:00 0 
7f00e4051000-7f00e4055000 r--p 00000000 b3:02 798235                     /usr/lib/jvm/java-11-openjdk-amd64/lib/libnet.so
7f00e4055000-7f00e4064000 r-xp 00004000 b3:02 798235                     /usr/lib/jvm/java-11-openjdk-amd64/lib/libnet.so
7f00e4064000-7f00e4068000 r--p 00013000 b3:02 798235                     /usr/lib/jvm/java-11-openjdk-amd64/lib/libnet.so
7f00e4068000-7f00e4069000 r--p 00016000 b3:02 798235                     /usr/lib/jvm/java-11-openjdk-amd64/lib/libnet.so
7f00e4069000-7f00e406a000 rw-p 00017000 b3:02 798235                     /usr/lib/jvm/java-11-openjdk-amd64/lib/libnet.so
7f00e406a000-7f00e4071000 r--p 00000000 b3:02 798236                     /usr/lib/jvm/java-11-openjdk-amd64/lib/libnio.so
7f00e4071000-7f00e4078000 r-xp 00007000 b3:02 798236                     /usr/lib/jvm/java-11-openjdk-amd64/lib/libnio.so
7f00e4078000-7f00e407b000 r--p 0000e000 b3:02 798236                     /usr/lib/jvm/java-11-openjdk-amd64/lib/libnio.so
7f00e407b000-7f00e407c000 r--p 00010000 b3:02 798236                     /usr/lib/jvm/java-11-openjdk-amd64/lib/libnio.so
7f00e407c000-7f00e407d000 rw-p 00011000 b3:02 798236                     /usr/lib/jvm/java-11-openjdk-amd64/lib/libnio.so
7f00e407d000-7f00e4081000 ---p 00000000 00:00 0 
7f00e4081000-7f00e45fe000 rw-p 00000000 00:00 0 
7f00e45fe000-7f00e497e000 ---p 00000000 00:00 0 
7f00e497e000-7f00e4bee000 rwxp 00000000 00:00 0 
7f00e4bee000-7f00e4f0d000 ---p 00000000 00:00 0 
7f00e4f0d000-7f00e517d000 rwxp 00000000 00:00 0 
7f00e517d000-7f00ec445000 ---p 00000000 00:00 0 
7f00ec445000-7f00ec6b5000 rwxp 00000000 00:00 0 
7f00ec6b5000-7f00f397e000 ---p 00000000 00:00 0 
7f00f397e000-7f00fc000000 r--s 00000000 b3:02 798245                     /usr/lib/jvm/java-11-openjdk-amd64/lib/modules
7f00fc000000-7f00fc30b000 rw-p 00000000 00:00 0 
7f00fc30b000-7f0100000000 ---p 00000000 00:00 0 
7f010000d000-7f010000e000 r--p 00000000 b3:02 798215                     /usr/lib/jvm/java-11-openjdk-amd64/lib/libdt_socket.so
7f010000e000-7f0100011000 r-xp 00001000 b3:02 798215                     /usr/lib/jvm/java-11-openjdk-amd64/lib/libdt_socket.so
7f0100011000-7f0100012000 r--p 00004000 b3:02 798215                     /usr/lib/jvm/java-11-openjdk-amd64/lib/libdt_socket.so
7f0100012000-7f0100013000 r--p 00004000 b3:02 798215                     /usr/lib/jvm/java-11-openjdk-amd64/lib/libdt_socket.so
7f0100013000-7f0100014000 rw-p 00005000 b3:02 798215                     /usr/lib/jvm/java-11-openjdk-amd64/lib/libdt_socket.so
7f0100014000-7f010001b000 r--s 00000000 b3:02 398248                     /usr/lib/x86_64-linux-gnu/gconv/gconv-modules.cache
7f010001b000-7f010001f000 ---p 00000000 00:00 0 
7f010001f000-7f010011c000 rw-p 00000000 00:00 0 
7f010011c000-7f010011d000 ---p 00000000 00:00 0 
7f010011d000-7f01002fa000 rw-p 00000000 00:00 0 
7f01002fa000-7f01002fb000 ---p 00000000 00:00 0 
7f01002fb000-7f01003fc000 rw-p 00000000 00:00 0 
7f01003fc000-7f01003fd000 ---p 00000000 00:00 0 
7f01003fd000-7f0100700000 rw-p 00000000 00:00 0 
7f0100700000-7f0100701000 ---p 00000000 00:00 0 
7f0100701000-7f0100802000 rw-p 00000000 00:00 0 
7f0100802000-7f0100803000 ---p 00000000 00:00 0 
7f0100803000-7f0100b1b000 rw-p 00000000 00:00 0 
7f0100b1b000-7f01026ab000 ---p 00000000 00:00 0 
7f01026ab000-7f01026ee000 rw-p 00000000 00:00 0 
7f01026ee000-7f0102a60000 ---p 00000000 00:00 0 
7f0102a60000-7f0102a9c000 rw-p 00000000 00:00 0 
7f0102a9c000-7f0102e0e000 ---p 00000000 00:00 0 
7f0102e0e000-7f0102e4a000 rw-p 00000000 00:00 0 
7f0102e4a000-7f01031bc000 ---p 00000000 00:00 0 
7f01031bc000-7f01033bf000 rw-p 00000000 00:00 0 
7f01033bf000-7f01033c0000 ---p 00000000 00:00 0 
7f01033c0000-7f01034c6000 rw-p 00000000 00:00 0 
7f01034c6000-7f01035ac000 ---p 00000000 00:00 0 
7f01035ac000-7f01035b1000 rw-p 00000000 00:00 0 
7f01035b1000-7f0103697000 ---p 00000000 00:00 0 
7f0103697000-7f010369c000 rw-p 00000000 00:00 0 
7f010369c000-7f01036a3000 ---p 00000000 00:00 0 
7f01036a3000-7f01036a5000 r--p 00000000 b3:02 798227                     /usr/lib/jvm/java-11-openjdk-amd64/lib/libjimage.so
7f01036a5000-7f01036a8000 r-xp 00002000 b3:02 798227                     /usr/lib/jvm/java-11-openjdk-amd64/lib/libjimage.so
7f01036a8000-7f01036aa000 r--p 00005000 b3:02 798227                     /usr/lib/jvm/java-11-openjdk-amd64/lib/libjimage.so
7f01036aa000-7f01036ab000 r--p 00006000 b3:02 798227                     /usr/lib/jvm/java-11-openjdk-amd64/lib/libjimage.so
7f01036ab000-7f01036ac000 rw-p 00007000 b3:02 798227                     /usr/lib/jvm/java-11-openjdk-amd64/lib/libjimage.so
7f01036ac000-7f01036af000 r--p 00000000 b3:02 1706770                    /lib/x86_64-linux-gnu/libnss_files-2.28.so
7f01036af000-7f01036b6000 r-xp 00003000 b3:02 1706770                    /lib/x86_64-linux-gnu/libnss_files-2.28.so
7f01036b6000-7f01036b9000 r--p 0000a000 b3:02 1706770                    /lib/x86_64-linux-gnu/libnss_files-2.28.so
7f01036b9000-7f01036ba000 r--p 0000c000 b3:02 1706770                    /lib/x86_64-linux-gnu/libnss_files-2.28.so
7f01036ba000-7f01036bb000 rw-p 0000d000 b3:02 1706770                    /lib/x86_64-linux-gnu/libnss_files-2.28.so
7f01036bb000-7f01036c1000 rw-p 00000000 00:00 0 
7f01036c5000-7f01036c7000 r--p 00000000 b3:02 798244                     /usr/lib/jvm/java-11-openjdk-amd64/lib/libzip.so
7f01036c7000-7f01036cb000 r-xp 00002000 b3:02 798244                     /usr/lib/jvm/java-11-openjdk-amd64/lib/libzip.so
7f01036cb000-7f01036cd000 r--p 00006000 b3:02 798244                     /usr/lib/jvm/java-11-openjdk-amd64/lib/libzip.so
7f01036cd000-7f01036ce000 r--p 00007000 b3:02 798244                     /usr/lib/jvm/java-11-openjdk-amd64/lib/libzip.so
7f01036ce000-7f01036cf000 rw-p 00008000 b3:02 798244                     /usr/lib/jvm/java-11-openjdk-amd64/lib/libzip.so
7f01036cf000-7f01036d7000 rw-s 00000000 b3:02 135694                     /tmp/hsperfdata_user/19496
7f01036d7000-7f01036d9000 r--p 00000000 b3:02 798218                     /usr/lib/jvm/java-11-openjdk-amd64/lib/libinstrument.so
7f01036d9000-7f01036df000 r-xp 00002000 b3:02 798218                     /usr/lib/jvm/java-11-openjdk-amd64/lib/libinstrument.so
7f01036df000-7f01036e2000 r--p 00008000 b3:02 798218                     /usr/lib/jvm/java-11-openjdk-amd64/lib/libinstrument.so
7f01036e2000-7f01036e3000 r--p 0000a000 b3:02 798218                     /usr/lib/jvm/java-11-openjdk-amd64/lib/libinstrument.so
7f01036e3000-7f01036e4000 rw-p 0000b000 b3:02 798218                     /usr/lib/jvm/java-11-openjdk-amd64/lib/libinstrument.so
7f01036e4000-7f01036e6000 r--p 00000000 b3:02 798226                     /usr/lib/jvm/java-11-openjdk-amd64/lib/libjdwp.so
7f01036e6000-7f0103712000 r-xp 00002000 b3:02 798226                     /usr/lib/jvm/java-11-openjdk-amd64/lib/libjdwp.so
7f0103712000-7f0103720000 r--p 0002e000 b3:02 798226                     /usr/lib/jvm/java-11-openjdk-amd64/lib/libjdwp.so
7f0103720000-7f0103721000 r--p 0003b000 b3:02 798226                     /usr/lib/jvm/java-11-openjdk-amd64/lib/libjdwp.so
7f0103721000-7f0103722000 rw-p 0003c000 b3:02 798226                     /usr/lib/jvm/java-11-openjdk-amd64/lib/libjdwp.so
7f0103722000-7f010372f000 r--p 00000000 b3:02 798223                     /usr/lib/jvm/java-11-openjdk-amd64/lib/libjava.so
7f010372f000-7f0103744000 r-xp 0000d000 b3:02 798223                     /usr/lib/jvm/java-11-openjdk-amd64/lib/libjava.so
7f0103744000-7f010374b000 r--p 00022000 b3:02 798223                     /usr/lib/jvm/java-11-openjdk-amd64/lib/libjava.so
7f010374b000-7f010374c000 r--p 00028000 b3:02 798223                     /usr/lib/jvm/java-11-openjdk-amd64/lib/libjava.so
7f010374c000-7f010374e000 rw-p 00029000 b3:02 798223                     /usr/lib/jvm/java-11-openjdk-amd64/lib/libjava.so
7f010374e000-7f0103750000 r--p 00000000 b3:02 1706820                    /lib/x86_64-linux-gnu/librt-2.28.so
7f0103750000-7f0103754000 r-xp 00002000 b3:02 1706820                    /lib/x86_64-linux-gnu/librt-2.28.so
7f0103754000-7f0103756000 r--p 00006000 b3:02 1706820                    /lib/x86_64-linux-gnu/librt-2.28.so
7f0103756000-7f0103757000 r--p 00007000 b3:02 1706820                    /lib/x86_64-linux-gnu/librt-2.28.so
7f0103757000-7f0103758000 rw-p 00008000 b3:02 1706820                    /lib/x86_64-linux-gnu/librt-2.28.so
7f0103758000-7f010375c000 ---p 00000000 00:00 0 
7f010375c000-7f0103859000 rw-p 00000000 00:00 0 
7f0103859000-7f010385c000 r--p 00000000 b3:02 1701889                    /lib/x86_64-linux-gnu/libgcc_s.so.1
7f010385c000-7f010386d000 r-xp 00003000 b3:02 1701889                    /lib/x86_64-linux-gnu/libgcc_s.so.1
7f010386d000-7f0103870000 r--p 00014000 b3:02 1701889                    /lib/x86_64-linux-gnu/libgcc_s.so.1
7f0103870000-7f0103871000 ---p 00017000 b3:02 1701889                    /lib/x86_64-linux-gnu/libgcc_s.so.1
7f0103871000-7f0103872000 r--p 00017000 b3:02 1701889                    /lib/x86_64-linux-gnu/libgcc_s.so.1
7f0103872000-7f0103873000 rw-p 00018000 b3:02 1701889                    /lib/x86_64-linux-gnu/libgcc_s.so.1
7f0103873000-7f0103880000 r--p 00000000 b3:02 1706743                    /lib/x86_64-linux-gnu/libm-2.28.so
7f0103880000-7f010392b000 r-xp 0000d000 b3:02 1706743                    /lib/x86_64-linux-gnu/libm-2.28.so
7f010392b000-7f01039fe000 r--p 000b8000 b3:02 1706743                    /lib/x86_64-linux-gnu/libm-2.28.so
7f01039fe000-7f01039ff000 r--p 0018a000 b3:02 1706743                    /lib/x86_64-linux-gnu/libm-2.28.so
7f01039ff000-7f0103a00000 rw-p 0018b000 b3:02 1706743                    /lib/x86_64-linux-gnu/libm-2.28.so
7f0103a00000-7f0103a8a000 r--p 00000000 b3:02 264568                     /usr/lib/x86_64-linux-gnu/libstdc++.so.6.0.25
7f0103a8a000-7f0103b3d000 r-xp 0008a000 b3:02 264568                     /usr/lib/x86_64-linux-gnu/libstdc++.so.6.0.25
7f0103b3d000-7f0103b7a000 r--p 0013d000 b3:02 264568                     /usr/lib/x86_64-linux-gnu/libstdc++.so.6.0.25
7f0103b7a000-7f0103b7b000 ---p 0017a000 b3:02 264568                     /usr/lib/x86_64-linux-gnu/libstdc++.so.6.0.25
7f0103b7b000-7f0103b85000 r--p 0017a000 b3:02 264568                     /usr/lib/x86_64-linux-gnu/libstdc++.so.6.0.25
7f0103b85000-7f0103b87000 rw-p 00184000 b3:02 264568                     /usr/lib/x86_64-linux-gnu/libstdc++.so.6.0.25
7f0103b87000-7f0103b8b000 rw-p 00000000 00:00 0 
7f0103b8b000-7f0103df9000 r--p 00000000 b3:02 798248                     /usr/lib/jvm/java-11-openjdk-amd64/lib/server/libjvm.so
7f0103df9000-7f0104915000 r-xp 0026e000 b3:02 798248                     /usr/lib/jvm/java-11-openjdk-amd64/lib/server/libjvm.so
7f0104915000-7f0104b4e000 r--p 00d8a000 b3:02 798248                     /usr/lib/jvm/java-11-openjdk-amd64/lib/server/libjvm.so
7f0104b4e000-7f0104c0b000 r--p 00fc2000 b3:02 798248                     /usr/lib/jvm/java-11-openjdk-amd64/lib/server/libjvm.so
7f0104c0b000-7f0104c44000 rw-p 0107f000 b3:02 798248                     /usr/lib/jvm/java-11-openjdk-amd64/lib/server/libjvm.so
7f0104c44000-7f0104c9c000 rw-p 00000000 00:00 0 
7f0104c9c000-7f0104ca2000 r--p 00000000 b3:02 1706812                    /lib/x86_64-linux-gnu/libpthread-2.28.so
7f0104ca2000-7f0104cb1000 r-xp 00006000 b3:02 1706812                    /lib/x86_64-linux-gnu/libpthread-2.28.so
7f0104cb1000-7f0104cb7000 r--p 00015000 b3:02 1706812                    /lib/x86_64-linux-gnu/libpthread-2.28.so
7f0104cb7000-7f0104cb8000 r--p 0001a000 b3:02 1706812                    /lib/x86_64-linux-gnu/libpthread-2.28.so
7f0104cb8000-7f0104cb9000 rw-p 0001b000 b3:02 1706812                    /lib/x86_64-linux-gnu/libpthread-2.28.so
7f0104cb9000-7f0104cbd000 rw-p 00000000 00:00 0 
7f0104cbd000-7f0104cbe000 r--p 00000000 b3:02 1706703                    /lib/x86_64-linux-gnu/libdl-2.28.so
7f0104cbe000-7f0104cc0000 r-xp 00001000 b3:02 1706703                    /lib/x86_64-linux-gnu/libdl-2.28.so
7f0104cc0000-7f0104cc1000 r--p 00003000 b3:02 1706703                    /lib/x86_64-linux-gnu/libdl-2.28.so
7f0104cc1000-7f0104cc2000 r--p 00003000 b3:02 1706703                    /lib/x86_64-linux-gnu/libdl-2.28.so
7f0104cc2000-7f0104cc3000 rw-p 00004000 b3:02 1706703                    /lib/x86_64-linux-gnu/libdl-2.28.so
7f0104cc3000-7f0104cdf000 r-xp 00000000 b3:02 1706851                    /lib/x86_64-linux-gnu/libz.so.1.2.11
7f0104cdf000-7f0104ede000 ---p 0001c000 b3:02 1706851                    /lib/x86_64-linux-gnu/libz.so.1.2.11
7f0104ede000-7f0104edf000 r--p 0001b000 b3:02 1706851                    /lib/x86_64-linux-gnu/libz.so.1.2.11
7f0104edf000-7f0104ee0000 rw-p 0001c000 b3:02 1706851                    /lib/x86_64-linux-gnu/libz.so.1.2.11
7f0104ee0000-7f0104f02000 r--p 00000000 b3:02 1706682                    /lib/x86_64-linux-gnu/libc-2.28.so
7f0104f02000-7f0105073000 r-xp 00022000 b3:02 1706682                    /lib/x86_64-linux-gnu/libc-2.28.so
7f0105073000-7f01050bf000 r--p 00193000 b3:02 1706682                    /lib/x86_64-linux-gnu/libc-2.28.so
7f01050bf000-7f01050c0000 ---p 001df000 b3:02 1706682                    /lib/x86_64-linux-gnu/libc-2.28.so
7f01050c0000-7f01050c4000 r--p 001df000 b3:02 1706682                    /lib/x86_64-linux-gnu/libc-2.28.so
7f01050c4000-7f01050c6000 rw-p 001e3000 b3:02 1706682                    /lib/x86_64-linux-gnu/libc-2.28.so
7f01050c6000-7f01050ca000 rw-p 00000000 00:00 0 
7f01050cb000-7f01050cd000 r--s 00007000 b3:02 537930                     /usr/share/java/java-atk-wrapper.jar
7f01050cd000-7f01050ce000 ---p 00000000 00:00 0 
7f01050ce000-7f01050cf000 r--p 00000000 00:00 0 
7f01050cf000-7f01050d4000 r--p 00000000 b3:02 798243                     /usr/lib/jvm/java-11-openjdk-amd64/lib/libverify.so
7f01050d4000-7f01050db000 r-xp 00005000 b3:02 798243                     /usr/lib/jvm/java-11-openjdk-amd64/lib/libverify.so
7f01050db000-7f01050dd000 r--p 0000c000 b3:02 798243                     /usr/lib/jvm/java-11-openjdk-amd64/lib/libverify.so
7f01050dd000-7f01050df000 r--p 0000d000 b3:02 798243                     /usr/lib/jvm/java-11-openjdk-amd64/lib/libverify.so
7f01050df000-7f01050e0000 rw-p 0000f000 b3:02 798243                     /usr/lib/jvm/java-11-openjdk-amd64/lib/libverify.so
7f01050e0000-7f01050e3000 r--p 00000000 b3:02 798208                     /usr/lib/jvm/java-11-openjdk-amd64/lib/jli/libjli.so
7f01050e3000-7f01050ed000 r-xp 00003000 b3:02 798208                     /usr/lib/jvm/java-11-openjdk-amd64/lib/jli/libjli.so
7f01050ed000-7f01050f0000 r--p 0000d000 b3:02 798208                     /usr/lib/jvm/java-11-openjdk-amd64/lib/jli/libjli.so
7f01050f0000-7f01050f1000 r--p 0000f000 b3:02 798208                     /usr/lib/jvm/java-11-openjdk-amd64/lib/jli/libjli.so
7f01050f1000-7f01050f2000 rw-p 00010000 b3:02 798208                     /usr/lib/jvm/java-11-openjdk-amd64/lib/jli/libjli.so
7f01050f2000-7f01050f4000 rw-p 00000000 00:00 0 
7f01050f4000-7f01050f5000 r--p 00000000 b3:02 1706656                    /lib/x86_64-linux-gnu/ld-2.28.so
7f01050f5000-7f0105115000 r-xp 00001000 b3:02 1706656                    /lib/x86_64-linux-gnu/ld-2.28.so
7f0105115000-7f010511d000 r--p 00021000 b3:02 1706656                    /lib/x86_64-linux-gnu/ld-2.28.so
7f010511d000-7f010511e000 r--p 00028000 b3:02 1706656                    /lib/x86_64-linux-gnu/ld-2.28.so
7f010511e000-7f010511f000 rw-p 00029000 b3:02 1706656                    /lib/x86_64-linux-gnu/ld-2.28.so
7f010511f000-7f0105120000 rw-p 00000000 00:00 0 
7ffe4c7e6000-7ffe4c807000 rw-p 00000000 00:00 0                          [stack]
7ffe4c9c3000-7ffe4c9c6000 r--p 00000000 00:00 0                          [vvar]
7ffe4c9c6000-7ffe4c9c8000 r-xp 00000000 00:00 0                          [vdso]
ffffffffff600000-ffffffffff601000 r-xp 00000000 00:00 0                  [vsyscall]


VM Arguments:
jvm_args: -agentlib:jdwp=transport=dt_socket,suspend=y,address=localhost:39355 -javaagent:/home/user/.eclipse/360744294_linux_gtk_x86_64/configuration/org.eclipse.osgi/219/0/.cp/lib/javaagent-shaded.jar -Dfile.encoding=UTF-8 
java_command: com.bridgelabz.datastructures.LinkedListMain
java_class_path (initial): /home/user/Suraj/Week1/JavaFellowship/bin
Launcher Type: SUN_STANDARD

[Global flags]
     intx CICompilerCount                          = 2                                         {product} {ergonomic}
     uint ConcGCThreads                            = 1                                         {product} {ergonomic}
     uint G1ConcRefinementThreads                  = 2                                         {product} {ergonomic}
   size_t G1HeapRegionSize                         = 1048576                                   {product} {ergonomic}
    uintx GCDrainStackTargetSize                   = 64                                        {product} {ergonomic}
   size_t InitialHeapSize                          = 123731968                                 {product} {ergonomic}
   size_t MarkStackSize                            = 4194304                                   {product} {ergonomic}
   size_t MaxHeapSize                              = 1975517184                                {product} {ergonomic}
   size_t MaxNewSize                               = 1184890880                                {product} {ergonomic}
   size_t MinHeapDeltaBytes                        = 1048576                                   {product} {ergonomic}
    uintx NonNMethodCodeHeapSize                   = 5824844                                {pd product} {ergonomic}
    uintx NonProfiledCodeHeapSize                  = 122916698                              {pd product} {ergonomic}
    uintx ProfiledCodeHeapSize                     = 122916698                              {pd product} {ergonomic}
    uintx ReservedCodeCacheSize                    = 251658240                              {pd product} {ergonomic}
     bool SegmentedCodeCache                       = true                                      {product} {ergonomic}
     bool UseCompressedClassPointers               = true                                 {lp64_product} {ergonomic}
     bool UseCompressedOops                        = true                                 {lp64_product} {ergonomic}
     bool UseG1GC                                  = true                                      {product} {ergonomic}

Logging:
Log output configuration:
 #0: stdout all=warning uptime,level,tags
 #1: stderr all=off uptime,level,tags

Environment Variables:
PATH=/usr/local/sbin:/usr/local/bin:/usr/sbin:/usr/bin:/sbin:/bin:/usr/games:/usr/local/games:/snap/bin
USERNAME=user
SHELL=/bin/bash
DISPLAY=:0

Signal Handlers:
SIGSEGV: [libjvm.so+0xd18a40], sa_mask[0]=11111111011111111101111111111110, sa_flags=SA_RESTART|SA_SIGINFO
SIGBUS: [libjvm.so+0xd18a40], sa_mask[0]=11111111011111111101111111111110, sa_flags=SA_RESTART|SA_SIGINFO
SIGFPE: [libjvm.so+0xd18a40], sa_mask[0]=11111111011111111101111111111110, sa_flags=SA_RESTART|SA_SIGINFO
SIGPIPE: [libjvm.so+0xb21cf0], sa_mask[0]=11111111011111111101111111111110, sa_flags=SA_RESTART|SA_SIGINFO
SIGXFSZ: [libjvm.so+0xb21cf0], sa_mask[0]=11111111011111111101111111111110, sa_flags=SA_RESTART|SA_SIGINFO
SIGILL: [libjvm.so+0xd18a40], sa_mask[0]=11111111011111111101111111111110, sa_flags=SA_RESTART|SA_SIGINFO
SIGUSR2: [libjvm.so+0xb21b80], sa_mask[0]=00100000000000000000000000000000, sa_flags=SA_RESTART|SA_SIGINFO
SIGHUP: [libjvm.so+0xb220f0], sa_mask[0]=11111111011111111101111111111110, sa_flags=SA_RESTART|SA_SIGINFO
SIGINT: [libjvm.so+0xb220f0], sa_mask[0]=11111111011111111101111111111110, sa_flags=SA_RESTART|SA_SIGINFO
SIGTERM: [libjvm.so+0xb220f0], sa_mask[0]=11111111011111111101111111111110, sa_flags=SA_RESTART|SA_SIGINFO
SIGQUIT: [libjvm.so+0xb220f0], sa_mask[0]=11111111011111111101111111111110, sa_flags=SA_RESTART|SA_SIGINFO


---------------  S Y S T E M  ---------------

OS:DISTRIB_ID=Ubuntu
DISTRIB_RELEASE=18.10
DISTRIB_CODENAME=cosmic
DISTRIB_DESCRIPTION="Ubuntu 18.10"
uname:Linux 4.18.0-25-generic #26-Ubuntu SMP Mon Jun 24 09:32:08 UTC 2019 x86_64
libc:glibc 2.28 NPTL 2.28 
rlimit: STACK 8192k, CORE 0k, NPROC 29825, NOFILE 1048576, AS infinity, DATA infinity, FSIZE infinity
load average:9.63 7.21 4.00

/proc/meminfo:
MemTotal:        7711764 kB
MemFree:         1945220 kB
MemAvailable:    3644376 kB
Buffers:          327668 kB
Cached:          1851380 kB
SwapCached:            0 kB
Active:          4106180 kB
Inactive:        1177244 kB
Active(anon):    3106028 kB
Inactive(anon):   379452 kB
Active(file):    1000152 kB
Inactive(file):   797792 kB
Unevictable:          80 kB
Mlocked:              80 kB
SwapTotal:       1393948 kB
SwapFree:        1393948 kB
Dirty:               152 kB
Writeback:             0 kB
AnonPages:       3104588 kB
Mapped:           508392 kB
Shmem:            380992 kB
Slab:             315176 kB
SReclaimable:     210440 kB
SUnreclaim:       104736 kB
KernelStack:       19680 kB
PageTables:        54704 kB
NFS_Unstable:          0 kB
Bounce:                0 kB
WritebackTmp:          0 kB
CommitLimit:     5249828 kB
Committed_AS:   12744992 kB
VmallocTotal:   34359738367 kB
VmallocUsed:           0 kB
VmallocChunk:          0 kB
HardwareCorrupted:     0 kB
AnonHugePages:         0 kB
ShmemHugePages:        0 kB
ShmemPmdMapped:        0 kB
CmaTotal:              0 kB
CmaFree:               0 kB
HugePages_Total:       0
HugePages_Free:        0
HugePages_Rsvd:        0
HugePages_Surp:        0
Hugepagesize:       2048 kB
Hugetlb:               0 kB
DirectMap4k:      266644 kB
DirectMap2M:     7661568 kB
DirectMap1G:     2097152 kB


/proc/sys/kernel/threads-max (system-wide limit on the number of threads):
59651


/proc/sys/vm/max_map_count (maximum number of memory map areas a process may have):
65530


/proc/sys/kernel/pid_max (system-wide limit on number of process identifiers):
32768



container (cgroup) information:
container_type: cgroupv1
cpu_cpuset_cpus: 0-1
cpu_memory_nodes: 0
active_processor_count: 2
cpu_quota: -1
cpu_period: 100000
cpu_shares: -1
memory_limit_in_bytes: -1
memory_and_swap_limit_in_bytes: -2
memory_soft_limit_in_bytes: -1
memory_usage_in_bytes: 3978534912
memory_max_usage_in_bytes: 3993853952


CPU:total 2 (initial active 2) (2 cores per cpu, 1 threads per core) family 6 model 122 stepping 1, cmov, cx8, fxsr, mmx, sse, sse2, sse3, ssse3, sse4.1, sse4.2, popcnt, aes, clmul, erms, 3dnowpref, tsc, tscinvbit, sha
CPU Model and flags from /proc/cpuinfo:
model name	: Intel(R) Celeron(R) N4000 CPU @ 1.10GHz
flags		: fpu vme de pse tsc msr pae mce cx8 apic sep mtrr pge mca cmov pat pse36 clflush dts acpi mmx fxsr sse sse2 ss ht tm pbe syscall nx pdpe1gb rdtscp lm constant_tsc art arch_perfmon pebs bts rep_good nopl xtopology nonstop_tsc cpuid aperfmperf tsc_known_freq pni pclmulqdq dtes64 monitor ds_cpl vmx est tm2 ssse3 sdbg cx16 xtpr pdcm sse4_1 sse4_2 x2apic movbe popcnt tsc_deadline_timer aes xsave rdrand lahf_lm 3dnowprefetch cpuid_fault cat_l2 pti cdp_l2 ssbd ibrs ibpb stibp ibrs_enhanced tpr_shadow vnmi flexpriority ept vpid fsgsbase tsc_adjust smep erms mpx rdt_a rdseed smap clflushopt intel_pt sha_ni xsaveopt xsavec xgetbv1 xsaves dtherm ida arat pln pts umip rdpid md_clear arch_capabilities

Memory: 4k page, physical 7711764k(1945220k free), swap 1393948k(1393948k free)

vm_info: OpenJDK 64-Bit Server VM (11.0.3+7-Ubuntu-1ubuntu218.10.1) for linux-amd64 JRE (11.0.3+7-Ubuntu-1ubuntu218.10.1), built on Apr 23 2019 18:34:35 by "buildd" with gcc 8.2.0

END.
